<?xml version="1.0" encoding="UTF-8"?>
<!-- Generated by org.testng.reporters.JUnitXMLReporter -->
<testsuite ignored="0" hostname="LAPTOP-R9DA3E8J" failures="1" tests="1" name="Test" time="14.599" errors="0" timestamp="2020-04-08T16:49:13 PDT">
  <testcase classname="io.cucumber.testng.AbstractTestNGCucumberTests" name="runScenario" time="14.286">
    <failure type="java.lang.IndexOutOfBoundsException" message="Index 6 out of bounds for length 6">
      <![CDATA[java.lang.IndexOutOfBoundsException: Index 6 out of bounds for length 6
at java.base/jdk.internal.util.Preconditions.outOfBounds(Preconditions.java:64)
at java.base/jdk.internal.util.Preconditions.outOfBoundsCheckIndex(Preconditions.java:70)
at java.base/jdk.internal.util.Preconditions.checkIndex(Preconditions.java:248)
at java.base/java.util.Objects.checkIndex(Objects.java:372)
at java.base/java.util.ArrayList.get(ArrayList.java:458)
at org.openqa.selenium.support.pagefactory.internal.LocatingElementListHandler.invoke(LocatingElementListHandler.java:39)
at com.sun.proxy.$Proxy20.get(Unknown Source)
at StepDefinations.StepDefination.User_search_from_FromCity_to_ToCity(StepDefination.java:50)
at ✽.User search from Pune, India to Delhi, India(file:///C:/Users/shree/eclipse-workspace/CucumberTestNG_Framework/src/test/java/Features/FlightSearch.feature:7)
... Removed 4 stack frames]]>
    </failure>
  </testcase> <!-- runScenario -->
</testsuite> <!-- Test -->
