<?xml version="1.0" encoding="UTF-8"?>
<testng-results ignored="0" total="1" passed="0" failed="1" skipped="0">
  <reporter-output>
  </reporter-output>
  <suite started-at="2020-04-08T16:48:58 PDT" name="Suite" finished-at="2020-04-08T16:49:13 PDT" duration-ms="14599">
    <groups>
      <group name="cucumber">
        <method signature="AbstractTestNGCucumberTests.runScenario(io.cucumber.testng.PickleWrapper, io.cucumber.testng.FeatureWrapper)[pri:0, instance:CucumberOptions.TestRunnerTestNg@1ebd319f]" name="runScenario" class="io.cucumber.testng.AbstractTestNGCucumberTests"/>
      </group> <!-- cucumber -->
    </groups>
    <test started-at="2020-04-08T16:48:58 PDT" name="Test" finished-at="2020-04-08T16:49:13 PDT" duration-ms="14599">
      <class name="CucumberOptions.TestRunnerTestNg">
        <test-method is-config="true" signature="setUpClass()[pri:0, instance:CucumberOptions.TestRunnerTestNg@1ebd319f]" started-at="2020-04-08T16:48:58 PDT" name="setUpClass" finished-at="2020-04-08T16:48:58 PDT" duration-ms="271" status="PASS">
          <reporter-output>
          </reporter-output>
        </test-method> <!-- setUpClass -->
        <test-method signature="runScenario(io.cucumber.testng.PickleWrapper, io.cucumber.testng.FeatureWrapper)[pri:0, instance:CucumberOptions.TestRunnerTestNg@1ebd319f]" started-at="2020-04-08T16:48:58 PDT" name="runScenario" description="Runs Cucumber Scenarios" data-provider="scenarios" finished-at="2020-04-08T16:49:12 PDT" duration-ms="14286" status="FAIL">
          <params>
            <param index="0">
              <value>
                <![CDATA["User Search for return flight"]]>
              </value>
            </param>
            <param index="1">
              <value>
                <![CDATA["Flight Search Operation"]]>
              </value>
            </param>
          </params>
          <exception class="java.lang.IndexOutOfBoundsException">
            <message>
              <![CDATA[Index 6 out of bounds for length 6]]>
            </message>
            <full-stacktrace>
              <![CDATA[java.lang.IndexOutOfBoundsException: Index 6 out of bounds for length 6
at java.base/jdk.internal.util.Preconditions.outOfBounds(Preconditions.java:64)
at java.base/jdk.internal.util.Preconditions.outOfBoundsCheckIndex(Preconditions.java:70)
at java.base/jdk.internal.util.Preconditions.checkIndex(Preconditions.java:248)
at java.base/java.util.Objects.checkIndex(Objects.java:372)
at java.base/java.util.ArrayList.get(ArrayList.java:458)
at java.base/jdk.internal.reflect.NativeMethodAccessorImpl.invoke0(Native Method)
at java.base/jdk.internal.reflect.NativeMethodAccessorImpl.invoke(NativeMethodAccessorImpl.java:62)
at java.base/jdk.internal.reflect.DelegatingMethodAccessorImpl.invoke(DelegatingMethodAccessorImpl.java:43)
at java.base/java.lang.reflect.Method.invoke(Method.java:566)
at org.openqa.selenium.support.pagefactory.internal.LocatingElementListHandler.invoke(LocatingElementListHandler.java:39)
at com.sun.proxy.$Proxy20.get(Unknown Source)
at StepDefinations.StepDefination.User_search_from_FromCity_to_ToCity(StepDefination.java:50)
at ✽.User search from Pune, India to Delhi, India(file:///C:/Users/shree/eclipse-workspace/CucumberTestNG_Framework/src/test/java/Features/FlightSearch.feature:7)
]]>
            </full-stacktrace>
          </exception> <!-- java.lang.IndexOutOfBoundsException -->
          <reporter-output>
          </reporter-output>
        </test-method> <!-- runScenario -->
        <test-method is-config="true" signature="tearDownClass()[pri:0, instance:CucumberOptions.TestRunnerTestNg@1ebd319f]" started-at="2020-04-08T16:49:13 PDT" name="tearDownClass" finished-at="2020-04-08T16:49:13 PDT" duration-ms="2" status="PASS">
          <reporter-output>
          </reporter-output>
        </test-method> <!-- tearDownClass -->
      </class> <!-- CucumberOptions.TestRunnerTestNg -->
    </test> <!-- Test -->
  </suite> <!-- Suite -->
</testng-results>
