<?xml version="1.0" encoding="UTF-8"?>
<testng-results ignored="0" total="1" passed="1" failed="0" skipped="0">
  <reporter-output>
  </reporter-output>
  <suite started-at="2020-04-08T16:41:25 PDT" name="Suite" finished-at="2020-04-08T16:41:59 PDT" duration-ms="34385">
    <groups>
      <group name="cucumber">
        <method signature="AbstractTestNGCucumberTests.runScenario(io.cucumber.testng.PickleWrapper, io.cucumber.testng.FeatureWrapper)[pri:0, instance:CucumberOptions.TestRunnerTestNg@769e7ee8]" name="runScenario" class="io.cucumber.testng.AbstractTestNGCucumberTests"/>
      </group> <!-- cucumber -->
    </groups>
    <test started-at="2020-04-08T16:41:25 PDT" name="Test" finished-at="2020-04-08T16:41:59 PDT" duration-ms="34385">
      <class name="CucumberOptions.TestRunnerTestNg">
        <test-method is-config="true" signature="setUpClass()[pri:0, instance:CucumberOptions.TestRunnerTestNg@769e7ee8]" started-at="2020-04-08T16:41:25 PDT" name="setUpClass" finished-at="2020-04-08T16:41:25 PDT" duration-ms="243" status="PASS">
          <reporter-output>
          </reporter-output>
        </test-method> <!-- setUpClass -->
        <test-method signature="runScenario(io.cucumber.testng.PickleWrapper, io.cucumber.testng.FeatureWrapper)[pri:0, instance:CucumberOptions.TestRunnerTestNg@769e7ee8]" started-at="2020-04-08T16:41:25 PDT" name="runScenario" description="Runs Cucumber Scenarios" data-provider="scenarios" finished-at="2020-04-08T16:41:59 PDT" duration-ms="34081" status="PASS">
          <params>
            <param index="0">
              <value>
                <![CDATA["User Search for return flight"]]>
              </value>
            </param>
            <param index="1">
              <value>
                <![CDATA["Flight Search Operation"]]>
              </value>
            </param>
          </params>
          <reporter-output>
          </reporter-output>
        </test-method> <!-- runScenario -->
        <test-method is-config="true" signature="tearDownClass()[pri:0, instance:CucumberOptions.TestRunnerTestNg@769e7ee8]" started-at="2020-04-08T16:41:59 PDT" name="tearDownClass" finished-at="2020-04-08T16:41:59 PDT" duration-ms="4" status="PASS">
          <reporter-output>
          </reporter-output>
        </test-method> <!-- tearDownClass -->
      </class> <!-- CucumberOptions.TestRunnerTestNg -->
    </test> <!-- Test -->
  </suite> <!-- Suite -->
</testng-results>
